

Started GET "/home" for 127.0.0.1 at 2011-05-14 10:23:10 +0800

ActionController::RoutingError (No route matches "/home"):
  

Rendered /Users/Littlepan/.rvm/gems/ruby-1.9.2-p180@ruby192/gems/actionpack-3.0.1/lib/action_dispatch/middleware/templates/rescues/routing_error.erb within rescues/layout (1.5ms)


Started GET "/" for 127.0.0.1 at 2011-05-14 10:24:19 +0800
  Processing by HomeController#index as HTML
Rendered home/index.html.erb within layouts/application (2.4ms)
Completed 200 OK in 9ms (Views: 8.0ms | ActiveRecord: 0.0ms)
  [1m[36mSQL (31.2ms)[0m  [1m SELECT name
 FROM sqlite_master
 WHERE type = 'table' AND NOT name = 'sqlite_sequence'
[0m
  [1m[35mSQL (0.0ms)[0m  select sqlite_version(*)
  [1m[36mSQL (109.4ms)[0m  [1mCREATE TABLE "schema_migrations" ("version" varchar(255) NOT NULL) [0m
  [1m[35mSQL (0.0ms)[0m  PRAGMA index_list("schema_migrations")
  [1m[36mSQL (78.1ms)[0m  [1mCREATE UNIQUE INDEX "unique_schema_migrations" ON "schema_migrations" ("version")[0m
  [1m[35mSQL (0.0ms)[0m   SELECT name
 FROM sqlite_master
 WHERE type = 'table' AND NOT name = 'sqlite_sequence'
  [1m[36mSQL (0.0ms)[0m  [1m SELECT name
 FROM sqlite_master
 WHERE type = 'table' AND NOT name = 'sqlite_sequence'
[0m
  [1m[35mSQL (0.0ms)[0m   SELECT name
 FROM sqlite_master
 WHERE type = 'table' AND NOT name = 'sqlite_sequence'
  [1m[36mSQL (0.0ms)[0m  [1mSELECT "schema_migrations"."version" FROM "schema_migrations"[0m
  [1m[35mSQL (0.0ms)[0m   SELECT name
 FROM sqlite_master
 WHERE type = 'table' AND NOT name = 'sqlite_sequence'


Started GET "/" for 127.0.0.1 at 2011-05-18 22:13:18 +0800
  Processing by HomeController#index as HTML
Rendered home/index.html.erb within layouts/application (0.0ms)
Completed 200 OK in 31ms (Views: 31.2ms | ActiveRecord: 0.0ms)


Started GET "/" for 127.0.0.1 at 2011-05-18 22:23:05 +0800
  Processing by HomeController#index as HTML
Rendered home/index.html.erb within layouts/home (0.0ms)
Completed 200 OK in 47ms (Views: 46.9ms | ActiveRecord: 0.0ms)


Started GET "/" for 127.0.0.1 at 2011-05-18 22:23:06 +0800
  Processing by HomeController#index as HTML
Rendered home/index.html.erb within layouts/home (0.0ms)
Completed 200 OK in 31ms (Views: 31.3ms | ActiveRecord: 0.0ms)


Started GET "/" for 127.0.0.1 at 2011-05-18 22:23:26 +0800
  Processing by HomeController#index as HTML
Rendered home/index.html.erb within layouts/home (0.0ms)
Completed 200 OK in 47ms (Views: 46.9ms | ActiveRecord: 0.0ms)


Started GET "/" for 127.0.0.1 at 2011-05-18 22:23:27 +0800
  Processing by HomeController#index as HTML
Rendered home/index.html.erb within layouts/home (0.0ms)
Completed 200 OK in 47ms (Views: 46.9ms | ActiveRecord: 0.0ms)


Started GET "/" for 127.0.0.1 at 2011-05-18 22:26:33 +0800
  Processing by HomeController#index as HTML
Rendered home/index.html.erb within layouts/home (125.0ms)
Completed   in 172ms

ActionView::Template::Error (No expansion found for :default):
    3: 	<head>
    4: 		<meta http-equiv="Content-Type" content="text/html; charset=iso-8859-1" />
    5: 		<title>China pride</title>
    6: 		<%= stylesheet_link_tag :default %>
    7: 	</head>
    8: 	<body>
    9: 		
  app/views/layouts/home.html.erb:6:in `_app_views_layouts_home_html_erb__953715482_15791868_738478179'

Rendered D:/Ruby192/lib/ruby/gems/1.9.1/gems/actionpack-3.0.1/lib/action_dispatch/middleware/templates/rescues/_trace.erb (0.0ms)
Rendered D:/Ruby192/lib/ruby/gems/1.9.1/gems/actionpack-3.0.1/lib/action_dispatch/middleware/templates/rescues/_request_and_response.erb (0.0ms)
Rendered D:/Ruby192/lib/ruby/gems/1.9.1/gems/actionpack-3.0.1/lib/action_dispatch/middleware/templates/rescues/template_error.erb within rescues/layout (15.6ms)


Started GET "/" for 127.0.0.1 at 2011-05-18 22:27:04 +0800
  Processing by HomeController#index as HTML
Rendered home/index.html.erb within layouts/home (0.0ms)
Completed   in 31ms

ActionView::Template::Error (No expansion found for :default):
    3: 	<head>
    4: 		<meta http-equiv="Content-Type" content="text/html; charset=iso-8859-1" />
    5: 		<title>China pride</title>
    6: 		<%= stylesheet_link_tag :default %>
    7: 	</head>
    8: 	<body>
    9: 		
  app/views/layouts/home.html.erb:6:in `_app_views_layouts_home_html_erb__953715482_13618908_738478179'

Rendered D:/Ruby192/lib/ruby/gems/1.9.1/gems/actionpack-3.0.1/lib/action_dispatch/middleware/templates/rescues/_trace.erb (15.6ms)
Rendered D:/Ruby192/lib/ruby/gems/1.9.1/gems/actionpack-3.0.1/lib/action_dispatch/middleware/templates/rescues/_request_and_response.erb (0.0ms)
Rendered D:/Ruby192/lib/ruby/gems/1.9.1/gems/actionpack-3.0.1/lib/action_dispatch/middleware/templates/rescues/template_error.erb within rescues/layout (15.6ms)


Started GET "/" for 127.0.0.1 at 2011-05-18 22:27:05 +0800
  Processing by HomeController#index as HTML
Rendered home/index.html.erb within layouts/home (0.0ms)
Completed   in 16ms

ActionView::Template::Error (No expansion found for :default):
    3: 	<head>
    4: 		<meta http-equiv="Content-Type" content="text/html; charset=iso-8859-1" />
    5: 		<title>China pride</title>
    6: 		<%= stylesheet_link_tag :default %>
    7: 	</head>
    8: 	<body>
    9: 		
  app/views/layouts/home.html.erb:6:in `_app_views_layouts_home_html_erb__953715482_15784980_738478179'

Rendered D:/Ruby192/lib/ruby/gems/1.9.1/gems/actionpack-3.0.1/lib/action_dispatch/middleware/templates/rescues/_trace.erb (0.0ms)
Rendered D:/Ruby192/lib/ruby/gems/1.9.1/gems/actionpack-3.0.1/lib/action_dispatch/middleware/templates/rescues/_request_and_response.erb (0.0ms)
Rendered D:/Ruby192/lib/ruby/gems/1.9.1/gems/actionpack-3.0.1/lib/action_dispatch/middleware/templates/rescues/template_error.erb within rescues/layout (46.9ms)


Started GET "/" for 127.0.0.1 at 2011-05-18 22:27:06 +0800
  Processing by HomeController#index as HTML
Rendered home/index.html.erb within layouts/home (0.0ms)
Completed   in 16ms

ActionView::Template::Error (No expansion found for :default):
    3: 	<head>
    4: 		<meta http-equiv="Content-Type" content="text/html; charset=iso-8859-1" />
    5: 		<title>China pride</title>
    6: 		<%= stylesheet_link_tag :default %>
    7: 	</head>
    8: 	<body>
    9: 		
  app/views/layouts/home.html.erb:6:in `_app_views_layouts_home_html_erb__953715482_13988484_738478179'

Rendered D:/Ruby192/lib/ruby/gems/1.9.1/gems/actionpack-3.0.1/lib/action_dispatch/middleware/templates/rescues/_trace.erb (0.0ms)
Rendered D:/Ruby192/lib/ruby/gems/1.9.1/gems/actionpack-3.0.1/lib/action_dispatch/middleware/templates/rescues/_request_and_response.erb (15.6ms)
Rendered D:/Ruby192/lib/ruby/gems/1.9.1/gems/actionpack-3.0.1/lib/action_dispatch/middleware/templates/rescues/template_error.erb within rescues/layout (31.2ms)


Started GET "/" for 127.0.0.1 at 2011-05-18 22:32:58 +0800
  Processing by HomeController#index as HTML
Rendered home/index.html.erb within layouts/home (0.0ms)
Completed 200 OK in 16ms (Views: 15.6ms | ActiveRecord: 0.0ms)


Started GET "/" for 127.0.0.1 at 2011-05-18 22:34:22 +0800
  Processing by HomeController#index as HTML
Rendered home/index.html.erb within layouts/home (0.0ms)
Completed 200 OK in 47ms (Views: 46.9ms | ActiveRecord: 0.0ms)


Started GET "/" for 127.0.0.1 at 2011-05-18 22:35:16 +0800
  Processing by HomeController#index as HTML
Rendered home/index.html.erb within layouts/home (0.0ms)
Completed 200 OK in 47ms (Views: 46.9ms | ActiveRecord: 0.0ms)


Started GET "/" for 127.0.0.1 at 2011-05-18 22:35:46 +0800
  Processing by HomeController#index as HTML
Rendered home/index.html.erb within layouts/home (15.6ms)
Completed 200 OK in 47ms (Views: 46.9ms | ActiveRecord: 0.0ms)
