

Started GET "/" for 127.0.0.1 at 2011-06-12 10:58:16 +0800
  Processing by HomeController#index as HTML
Rendered home/index.html.erb within layouts/application (55.7ms)
Completed 200 OK in 92ms (Views: 91.3ms | ActiveRecord: 0.0ms)


Started GET "/stylesheets/default.css?1307800575" for 127.0.0.1 at 2011-06-12 10:58:17 +0800

ActionController::RoutingError (No route matches "/stylesheets/default.css"):
  

Rendered /Users/Littlepan/.rvm/gems/ruby-1.9.2-p180@ruby192/gems/actionpack-3.0.7/lib/action_dispatch/middleware/templates/rescues/routing_error.erb within rescues/layout (2.0ms)


Started GET "/home/index?locale=cn" for 127.0.0.1 at 2011-06-12 10:58:26 +0800
  Processing by HomeController#index as HTML
  Parameters: {"locale"=>"cn"}
Rendered home/index.html.erb within layouts/application (3.7ms)
Completed 200 OK in 8ms (Views: 7.7ms | ActiveRecord: 0.0ms)


Started GET "/stylesheets/default.css?1307800575" for 127.0.0.1 at 2011-06-12 10:58:26 +0800

ActionController::RoutingError (No route matches "/stylesheets/default.css"):
  

Rendered /Users/Littlepan/.rvm/gems/ruby-1.9.2-p180@ruby192/gems/actionpack-3.0.7/lib/action_dispatch/middleware/templates/rescues/routing_error.erb within rescues/layout (1.2ms)


Started GET "/home/index?locale=en" for 127.0.0.1 at 2011-06-12 10:58:28 +0800
  Processing by HomeController#index as HTML
  Parameters: {"locale"=>"en"}
Rendered home/index.html.erb within layouts/application (2.1ms)
Completed 200 OK in 3ms (Views: 2.7ms | ActiveRecord: 0.0ms)


Started GET "/stylesheets/default.css?1307800575" for 127.0.0.1 at 2011-06-12 10:58:28 +0800

ActionController::RoutingError (No route matches "/stylesheets/default.css"):
  

Rendered /Users/Littlepan/.rvm/gems/ruby-1.9.2-p180@ruby192/gems/actionpack-3.0.7/lib/action_dispatch/middleware/templates/rescues/routing_error.erb within rescues/layout (1.3ms)


Started GET "/home/index" for 127.0.0.1 at 2011-06-12 10:58:29 +0800
  Processing by HomeController#index as HTML
Rendered home/index.html.erb within layouts/application (1.8ms)
Completed 200 OK in 3ms (Views: 2.4ms | ActiveRecord: 0.0ms)


Started GET "/stylesheets/default.css?1307800575" for 127.0.0.1 at 2011-06-12 10:58:29 +0800

ActionController::RoutingError (No route matches "/stylesheets/default.css"):
  

Rendered /Users/Littlepan/.rvm/gems/ruby-1.9.2-p180@ruby192/gems/actionpack-3.0.7/lib/action_dispatch/middleware/templates/rescues/routing_error.erb within rescues/layout (1.2ms)


Started GET "/categories" for 127.0.0.1 at 2011-06-12 10:58:30 +0800
  Processing by CategoriesController#index as HTML
Completed   in 91ms

ActiveRecord::StatementInvalid (SQLite3::SQLException: no such table: categories: SELECT "categories".* FROM "categories"):
  app/controllers/categories_controller.rb:5:in `index'

Rendered /Users/Littlepan/.rvm/gems/ruby-1.9.2-p180@ruby192/gems/actionpack-3.0.7/lib/action_dispatch/middleware/templates/rescues/_trace.erb (1.7ms)
Rendered /Users/Littlepan/.rvm/gems/ruby-1.9.2-p180@ruby192/gems/actionpack-3.0.7/lib/action_dispatch/middleware/templates/rescues/_request_and_response.erb (4.1ms)
Rendered /Users/Littlepan/.rvm/gems/ruby-1.9.2-p180@ruby192/gems/actionpack-3.0.7/lib/action_dispatch/middleware/templates/rescues/diagnostics.erb within rescues/layout (14.5ms)


Started GET "/about/contact" for 127.0.0.1 at 2011-06-12 10:58:35 +0800
  Processing by AboutController#contact as HTML
Rendered about/contact.html.erb within layouts/application (2.5ms)
Completed 200 OK in 7ms (Views: 5.9ms | ActiveRecord: 0.5ms)


Started GET "/stylesheets/default.css?1307800575" for 127.0.0.1 at 2011-06-12 10:58:35 +0800

ActionController::RoutingError (No route matches "/stylesheets/default.css"):
  

Rendered /Users/Littlepan/.rvm/gems/ruby-1.9.2-p180@ruby192/gems/actionpack-3.0.7/lib/action_dispatch/middleware/templates/rescues/routing_error.erb within rescues/layout (1.2ms)


Started GET "/about/index" for 127.0.0.1 at 2011-06-12 10:58:36 +0800
  Processing by AboutController#index as HTML
Rendered about/index.html.erb within layouts/application (38.9ms)
Completed 200 OK in 58ms (Views: 57.4ms | ActiveRecord: 0.0ms)


Started GET "/stylesheets/default.css?1307800575" for 127.0.0.1 at 2011-06-12 10:58:36 +0800

ActionController::RoutingError (No route matches "/stylesheets/default.css"):
  

Rendered /Users/Littlepan/.rvm/gems/ruby-1.9.2-p180@ruby192/gems/actionpack-3.0.7/lib/action_dispatch/middleware/templates/rescues/routing_error.erb within rescues/layout (1.3ms)


Started GET "/about/index" for 127.0.0.1 at 2011-06-12 10:59:21 +0800
  Processing by AboutController#index as HTML
Rendered about/index.html.erb within layouts/application (6.9ms)
Completed 200 OK in 13ms (Views: 12.0ms | ActiveRecord: 0.0ms)


Started GET "/stylesheets/default.css?1307800575" for 127.0.0.1 at 2011-06-12 10:59:21 +0800

ActionController::RoutingError (No route matches "/stylesheets/default.css"):
  

Rendered /Users/Littlepan/.rvm/gems/ruby-1.9.2-p180@ruby192/gems/actionpack-3.0.7/lib/action_dispatch/middleware/templates/rescues/routing_error.erb within rescues/layout (2.9ms)


Started GET "/" for 127.0.0.1 at 2011-06-12 10:59:27 +0800
  Processing by HomeController#index as HTML
Rendered home/index.html.erb within layouts/application (2.9ms)
Completed 200 OK in 11ms (Views: 10.4ms | ActiveRecord: 0.0ms)


Started GET "/stylesheets/default.css?1307800575" for 127.0.0.1 at 2011-06-12 10:59:27 +0800

ActionController::RoutingError (No route matches "/stylesheets/default.css"):
  

Rendered /Users/Littlepan/.rvm/gems/ruby-1.9.2-p180@ruby192/gems/actionpack-3.0.7/lib/action_dispatch/middleware/templates/rescues/routing_error.erb within rescues/layout (4.3ms)


Started GET "/" for 127.0.0.1 at 2011-06-12 11:01:35 +0800
  Processing by HomeController#index as HTML
Rendered home/index.html.erb within layouts/application (6.8ms)
Completed 200 OK in 13ms (Views: 12.0ms | ActiveRecord: 0.0ms)


Started GET "/stylesheets/default.css?1307800575" for 127.0.0.1 at 2011-06-12 11:01:35 +0800

ActionController::RoutingError (No route matches "/stylesheets/default.css"):
  

Rendered /Users/Littlepan/.rvm/gems/ruby-1.9.2-p180@ruby192/gems/actionpack-3.0.7/lib/action_dispatch/middleware/templates/rescues/routing_error.erb within rescues/layout (1.2ms)


Started GET "/" for 127.0.0.1 at 2011-06-12 11:01:38 +0800
  Processing by HomeController#index as HTML
Rendered home/index.html.erb within layouts/application (2.1ms)
Completed 200 OK in 4ms (Views: 4.0ms | ActiveRecord: 0.0ms)


Started GET "/stylesheets/default.css?1307800575" for 127.0.0.1 at 2011-06-12 11:01:38 +0800

ActionController::RoutingError (No route matches "/stylesheets/default.css"):
  

Rendered /Users/Littlepan/.rvm/gems/ruby-1.9.2-p180@ruby192/gems/actionpack-3.0.7/lib/action_dispatch/middleware/templates/rescues/routing_error.erb within rescues/layout (1.3ms)


Started GET "/home/index" for 127.0.0.1 at 2011-06-12 11:01:41 +0800
  Processing by HomeController#index as HTML
Rendered home/index.html.erb within layouts/application (2.0ms)
Completed 200 OK in 3ms (Views: 2.6ms | ActiveRecord: 0.0ms)


Started GET "/stylesheets/default.css?1307800575" for 127.0.0.1 at 2011-06-12 11:01:41 +0800

ActionController::RoutingError (No route matches "/stylesheets/default.css"):
  

Rendered /Users/Littlepan/.rvm/gems/ruby-1.9.2-p180@ruby192/gems/actionpack-3.0.7/lib/action_dispatch/middleware/templates/rescues/routing_error.erb within rescues/layout (1.2ms)


Started GET "/home/index?locale=cn" for 127.0.0.1 at 2011-06-12 11:01:43 +0800
  Processing by HomeController#index as HTML
  Parameters: {"locale"=>"cn"}
Rendered home/index.html.erb within layouts/application (3.4ms)
Completed 200 OK in 8ms (Views: 7.6ms | ActiveRecord: 0.0ms)


Started GET "/stylesheets/default.css?1307800575" for 127.0.0.1 at 2011-06-12 11:01:43 +0800

ActionController::RoutingError (No route matches "/stylesheets/default.css"):
  

Rendered /Users/Littlepan/.rvm/gems/ruby-1.9.2-p180@ruby192/gems/actionpack-3.0.7/lib/action_dispatch/middleware/templates/rescues/routing_error.erb within rescues/layout (1.5ms)


Started GET "/home/index?locale=en" for 127.0.0.1 at 2011-06-12 11:01:43 +0800
  Processing by HomeController#index as HTML
  Parameters: {"locale"=>"en"}
Rendered home/index.html.erb within layouts/application (1.9ms)
Completed 200 OK in 3ms (Views: 2.5ms | ActiveRecord: 0.0ms)


Started GET "/stylesheets/default.css?1307800575" for 127.0.0.1 at 2011-06-12 11:01:43 +0800

ActionController::RoutingError (No route matches "/stylesheets/default.css"):
  

Rendered /Users/Littlepan/.rvm/gems/ruby-1.9.2-p180@ruby192/gems/actionpack-3.0.7/lib/action_dispatch/middleware/templates/rescues/routing_error.erb within rescues/layout (1.3ms)


Started GET "/categories" for 127.0.0.1 at 2011-06-12 11:01:47 +0800
  Processing by CategoriesController#index as HTML
Completed   in 76ms

ActiveRecord::StatementInvalid (SQLite3::SQLException: no such table: categories: SELECT "categories".* FROM "categories"):
  app/controllers/categories_controller.rb:5:in `index'

Rendered /Users/Littlepan/.rvm/gems/ruby-1.9.2-p180@ruby192/gems/actionpack-3.0.7/lib/action_dispatch/middleware/templates/rescues/_trace.erb (1.8ms)
Rendered /Users/Littlepan/.rvm/gems/ruby-1.9.2-p180@ruby192/gems/actionpack-3.0.7/lib/action_dispatch/middleware/templates/rescues/_request_and_response.erb (3.9ms)
Rendered /Users/Littlepan/.rvm/gems/ruby-1.9.2-p180@ruby192/gems/actionpack-3.0.7/lib/action_dispatch/middleware/templates/rescues/diagnostics.erb within rescues/layout (14.3ms)


Started GET "/categories/new" for 127.0.0.1 at 2011-06-12 11:01:58 +0800
  Processing by CategoriesController#new as HTML
Completed   in 1ms

ActiveRecord::StatementInvalid (Could not find table 'categories'):
  app/controllers/categories_controller.rb:29:in `new'
  app/controllers/categories_controller.rb:29:in `new'

Rendered /Users/Littlepan/.rvm/gems/ruby-1.9.2-p180@ruby192/gems/actionpack-3.0.7/lib/action_dispatch/middleware/templates/rescues/_trace.erb (1.6ms)
Rendered /Users/Littlepan/.rvm/gems/ruby-1.9.2-p180@ruby192/gems/actionpack-3.0.7/lib/action_dispatch/middleware/templates/rescues/_request_and_response.erb (4.7ms)
Rendered /Users/Littlepan/.rvm/gems/ruby-1.9.2-p180@ruby192/gems/actionpack-3.0.7/lib/action_dispatch/middleware/templates/rescues/diagnostics.erb within rescues/layout (15.2ms)


Started GET "/" for 127.0.0.1 at 2011-06-12 11:03:47 +0800
  Processing by HomeController#index as HTML
Rendered home/index.html.erb within layouts/application (55.1ms)
Completed 200 OK in 62ms (Views: 61.7ms | ActiveRecord: 0.0ms)


Started GET "/stylesheets/default.css?1307800575" for 127.0.0.1 at 2011-06-12 11:03:48 +0800

ActionController::RoutingError (No route matches "/stylesheets/default.css"):
  

Rendered /Users/Littlepan/.rvm/gems/ruby-1.9.2-p180@ruby192/gems/actionpack-3.0.7/lib/action_dispatch/middleware/templates/rescues/routing_error.erb within rescues/layout (1.3ms)


Started GET "/categories" for 127.0.0.1 at 2011-06-12 11:03:51 +0800
  Processing by CategoriesController#index as HTML
Completed   in 126ms

NoMethodError (undefined method `products' for nil:NilClass):
  app/controllers/categories_controller.rb:7:in `index'

Rendered /Users/Littlepan/.rvm/gems/ruby-1.9.2-p180@ruby192/gems/actionpack-3.0.7/lib/action_dispatch/middleware/templates/rescues/_trace.erb (1.5ms)
Rendered /Users/Littlepan/.rvm/gems/ruby-1.9.2-p180@ruby192/gems/actionpack-3.0.7/lib/action_dispatch/middleware/templates/rescues/_request_and_response.erb (4.0ms)
Rendered /Users/Littlepan/.rvm/gems/ruby-1.9.2-p180@ruby192/gems/actionpack-3.0.7/lib/action_dispatch/middleware/templates/rescues/diagnostics.erb within rescues/layout (13.3ms)


Started GET "/categories/new" for 127.0.0.1 at 2011-06-12 11:04:15 +0800
  Processing by CategoriesController#new as HTML
Rendered categories/_form.html.erb (10.5ms)
Rendered categories/new.html.erb within layouts/categories (17.1ms)
Completed 200 OK in 72ms (Views: 70.7ms | ActiveRecord: 17.8ms)


Started GET "/stylesheets/default.css?1307800575" for 127.0.0.1 at 2011-06-12 11:04:15 +0800

ActionController::RoutingError (No route matches "/stylesheets/default.css"):
  

Rendered /Users/Littlepan/.rvm/gems/ruby-1.9.2-p180@ruby192/gems/actionpack-3.0.7/lib/action_dispatch/middleware/templates/rescues/routing_error.erb within rescues/layout (1.6ms)


Started POST "/categories" for 127.0.0.1 at 2011-06-12 11:04:23 +0800
  Processing by CategoriesController#create as HTML
  Parameters: {"utf8"=>"✓", "authenticity_token"=>"B+zNVm6Zyfz2diwiUC7c72WzXHFVHiR/YUv9H0ODDTI=", "category"=>{"name"=>"hihihi"}, "commit"=>"Create Category"}
Redirected to http://localhost:3000/categories/1
Completed 302 Found in 248ms


Started GET "/categories/1" for 127.0.0.1 at 2011-06-12 11:04:23 +0800
  Processing by CategoriesController#show as HTML
  Parameters: {"id"=>"1"}
Rendered categories/show.html.erb within layouts/categories (10.1ms)
Completed 200 OK in 38ms (Views: 34.4ms | ActiveRecord: 28.9ms)


Started GET "/stylesheets/default.css?1307800575" for 127.0.0.1 at 2011-06-12 11:04:23 +0800

ActionController::RoutingError (No route matches "/stylesheets/default.css"):
  

Rendered /Users/Littlepan/.rvm/gems/ruby-1.9.2-p180@ruby192/gems/actionpack-3.0.7/lib/action_dispatch/middleware/templates/rescues/routing_error.erb within rescues/layout (1.5ms)


Started GET "/categories/1" for 127.0.0.1 at 2011-06-12 11:05:31 +0800
  Processing by CategoriesController#show as HTML
  Parameters: {"id"=>"1"}
Rendered categories/show.html.erb within layouts/categories (4.4ms)
Completed 200 OK in 7ms (Views: 4.9ms | ActiveRecord: 0.8ms)


Started GET "/stylesheets/default.css?1307800575" for 127.0.0.1 at 2011-06-12 11:05:31 +0800

ActionController::RoutingError (No route matches "/stylesheets/default.css"):
  

Rendered /Users/Littlepan/.rvm/gems/ruby-1.9.2-p180@ruby192/gems/actionpack-3.0.7/lib/action_dispatch/middleware/templates/rescues/routing_error.erb within rescues/layout (1.4ms)


Started GET "/categories" for 127.0.0.1 at 2011-06-12 11:05:34 +0800
  Processing by CategoriesController#index as HTML
Rendered categories/index.html.erb within layouts/categories (4.9ms)
Completed 200 OK in 68ms (Views: 66.6ms | ActiveRecord: 0.7ms)


Started GET "/stylesheets/default.css?1307800575" for 127.0.0.1 at 2011-06-12 11:05:35 +0800

ActionController::RoutingError (No route matches "/stylesheets/default.css"):
  

Rendered /Users/Littlepan/.rvm/gems/ruby-1.9.2-p180@ruby192/gems/actionpack-3.0.7/lib/action_dispatch/middleware/templates/rescues/routing_error.erb within rescues/layout (1.1ms)


Started GET "/categories" for 127.0.0.1 at 2011-06-12 11:05:37 +0800
  Processing by CategoriesController#index as HTML
Rendered categories/index.html.erb within layouts/categories (3.4ms)
Completed 200 OK in 6ms (Views: 3.8ms | ActiveRecord: 0.6ms)


Started GET "/stylesheets/default.css?1307800575" for 127.0.0.1 at 2011-06-12 11:05:37 +0800

ActionController::RoutingError (No route matches "/stylesheets/default.css"):
  

Rendered /Users/Littlepan/.rvm/gems/ruby-1.9.2-p180@ruby192/gems/actionpack-3.0.7/lib/action_dispatch/middleware/templates/rescues/routing_error.erb within rescues/layout (1.4ms)


Started GET "/products/new" for 127.0.0.1 at 2011-06-12 11:05:48 +0800
  Processing by ProductsController#new as HTML
Rendered products/_form.html.erb (17.1ms)
Rendered products/new.html.erb within layouts/application (37.5ms)
Completed 200 OK in 92ms (Views: 90.1ms | ActiveRecord: 0.3ms)


Started GET "/stylesheets/default.css?1307800575" for 127.0.0.1 at 2011-06-12 11:05:48 +0800

ActionController::RoutingError (No route matches "/stylesheets/default.css"):
  

Rendered /Users/Littlepan/.rvm/gems/ruby-1.9.2-p180@ruby192/gems/actionpack-3.0.7/lib/action_dispatch/middleware/templates/rescues/routing_error.erb within rescues/layout (1.4ms)


Started GET "/products/new" for 127.0.0.1 at 2011-06-12 11:06:30 +0800
  Processing by ProductsController#new as HTML
Rendered products/_form.html.erb (110.9ms)
Rendered products/new.html.erb within layouts/application (132.9ms)
Completed 200 OK in 165ms (Views: 162.0ms | ActiveRecord: 0.3ms)


Started GET "/stylesheets/default.css?1307800575" for 127.0.0.1 at 2011-06-12 11:06:30 +0800

ActionController::RoutingError (No route matches "/stylesheets/default.css"):
  

Rendered /Users/Littlepan/.rvm/gems/ruby-1.9.2-p180@ruby192/gems/actionpack-3.0.7/lib/action_dispatch/middleware/templates/rescues/routing_error.erb within rescues/layout (1.4ms)


Started GET "/categories" for 127.0.0.1 at 2011-06-12 11:06:35 +0800
  Processing by CategoriesController#index as HTML
Completed   in 2ms

NoMethodError (undefined method `products' for nil:NilClass):
  app/controllers/categories_controller.rb:7:in `index'

Rendered /Users/Littlepan/.rvm/gems/ruby-1.9.2-p180@ruby192/gems/actionpack-3.0.7/lib/action_dispatch/middleware/templates/rescues/_trace.erb (1.6ms)
Rendered /Users/Littlepan/.rvm/gems/ruby-1.9.2-p180@ruby192/gems/actionpack-3.0.7/lib/action_dispatch/middleware/templates/rescues/_request_and_response.erb (3.9ms)
Rendered /Users/Littlepan/.rvm/gems/ruby-1.9.2-p180@ruby192/gems/actionpack-3.0.7/lib/action_dispatch/middleware/templates/rescues/diagnostics.erb within rescues/layout (13.3ms)


Started GET "/categories/new" for 127.0.0.1 at 2011-06-12 11:06:40 +0800
  Processing by CategoriesController#new as HTML
Rendered categories/_form.html.erb (44.9ms)
Rendered categories/new.html.erb within layouts/categories (51.3ms)
Completed 200 OK in 103ms (Views: 101.5ms | ActiveRecord: 0.3ms)


Started GET "/stylesheets/default.css?1307800575" for 127.0.0.1 at 2011-06-12 11:06:40 +0800

ActionController::RoutingError (No route matches "/stylesheets/default.css"):
  

Rendered /Users/Littlepan/.rvm/gems/ruby-1.9.2-p180@ruby192/gems/actionpack-3.0.7/lib/action_dispatch/middleware/templates/rescues/routing_error.erb within rescues/layout (1.2ms)


Started POST "/categories" for 127.0.0.1 at 2011-06-12 11:06:44 +0800
  Processing by CategoriesController#create as HTML
  Parameters: {"utf8"=>"✓", "authenticity_token"=>"B+zNVm6Zyfz2diwiUC7c72WzXHFVHiR/YUv9H0ODDTI=", "category"=>{"name"=>"123"}, "commit"=>"Create Category"}
Redirected to http://localhost:3000/categories/1
Completed 302 Found in 132ms


Started GET "/categories/1" for 127.0.0.1 at 2011-06-12 11:06:44 +0800
  Processing by CategoriesController#show as HTML
  Parameters: {"id"=>"1"}
Rendered categories/show.html.erb within layouts/categories (11.0ms)
Completed 200 OK in 48ms (Views: 45.2ms | ActiveRecord: 31.9ms)


Started GET "/stylesheets/default.css?1307800575" for 127.0.0.1 at 2011-06-12 11:06:44 +0800

ActionController::RoutingError (No route matches "/stylesheets/default.css"):
  

Rendered /Users/Littlepan/.rvm/gems/ruby-1.9.2-p180@ruby192/gems/actionpack-3.0.7/lib/action_dispatch/middleware/templates/rescues/routing_error.erb within rescues/layout (1.8ms)


Started GET "/products/" for 127.0.0.1 at 2011-06-12 11:06:52 +0800
  Processing by ProductsController#index as HTML
Rendered products/index.html.erb within layouts/application (3.4ms)
Completed 200 OK in 28ms (Views: 26.0ms | ActiveRecord: 0.3ms)


Started GET "/stylesheets/default.css?1307800575" for 127.0.0.1 at 2011-06-12 11:06:52 +0800

ActionController::RoutingError (No route matches "/stylesheets/default.css"):
  

Rendered /Users/Littlepan/.rvm/gems/ruby-1.9.2-p180@ruby192/gems/actionpack-3.0.7/lib/action_dispatch/middleware/templates/rescues/routing_error.erb within rescues/layout (1.3ms)


Started GET "/products/new" for 127.0.0.1 at 2011-06-12 11:06:54 +0800
  Processing by ProductsController#new as HTML
Rendered products/_form.html.erb (5.9ms)
Rendered products/new.html.erb within layouts/application (8.2ms)
Completed 200 OK in 9ms (Views: 8.6ms | ActiveRecord: 0.3ms)


Started GET "/stylesheets/default.css?1307800575" for 127.0.0.1 at 2011-06-12 11:06:54 +0800

ActionController::RoutingError (No route matches "/stylesheets/default.css"):
  

Rendered /Users/Littlepan/.rvm/gems/ruby-1.9.2-p180@ruby192/gems/actionpack-3.0.7/lib/action_dispatch/middleware/templates/rescues/routing_error.erb within rescues/layout (1.2ms)


Started POST "/products" for 127.0.0.1 at 2011-06-12 11:07:09 +0800
  Processing by ProductsController#create as HTML
  Parameters: {"utf8"=>"✓", "authenticity_token"=>"B+zNVm6Zyfz2diwiUC7c72WzXHFVHiR/YUv9H0ODDTI=", "product"=>{"name"=>"1111111111111", "photo"=>#<ActionDispatch::Http::UploadedFile:0x00000100d005b0 @original_filename="3.jpg", @content_type="image/jpeg", @headers="Content-Disposition: form-data; name=\"product[photo]\"; filename=\"3.jpg\"\r\nContent-Type: image/jpeg\r\n", @tempfile=#<File:/var/folders/zf/zfwYgTLyEjqOW345+D4Sak+++TI/-Tmp-/RackMultipart20110612-3704-praeg7>>, "content"=>"11111111111111"}, "category_id"=>"1", "commit"=>"Create Product"}
[paperclip] Saving attachments.
[paperclip] saving /Users/Littlepan/workspace/chinapride/public/system/photos/1/original/3.jpg
[paperclip] Saving attachments.
Redirected to http://localhost:3000/products/1
Completed 302 Found in 79ms


Started GET "/products/1" for 127.0.0.1 at 2011-06-12 11:07:10 +0800
  Processing by ProductsController#show as HTML
  Parameters: {"id"=>"1"}
Rendered products/show.html.erb within layouts/application (11.0ms)
Completed 200 OK in 35ms (Views: 33.1ms | ActiveRecord: 3.0ms)


Started GET "/stylesheets/default.css?1307800575" for 127.0.0.1 at 2011-06-12 11:07:10 +0800

ActionController::RoutingError (No route matches "/stylesheets/default.css"):
  

Rendered /Users/Littlepan/.rvm/gems/ruby-1.9.2-p180@ruby192/gems/actionpack-3.0.7/lib/action_dispatch/middleware/templates/rescues/routing_error.erb within rescues/layout (1.3ms)


Started GET "/system/photos/1/original/3.jpg?1307848029" for 127.0.0.1 at 2011-06-12 11:07:10 +0800

ActionController::RoutingError (No route matches "/system/photos/1/original/3.jpg"):
  

Rendered /Users/Littlepan/.rvm/gems/ruby-1.9.2-p180@ruby192/gems/actionpack-3.0.7/lib/action_dispatch/middleware/templates/rescues/routing_error.erb within rescues/layout (1.2ms)


Started GET "/categories" for 127.0.0.1 at 2011-06-12 11:07:17 +0800
  Processing by CategoriesController#index as HTML
Rendered categories/index.html.erb within layouts/categories (6.6ms)
Completed 200 OK in 30ms (Views: 28.4ms | ActiveRecord: 0.8ms)


Started GET "/stylesheets/default.css?1307800575" for 127.0.0.1 at 2011-06-12 11:07:18 +0800

ActionController::RoutingError (No route matches "/stylesheets/default.css"):
  

Rendered /Users/Littlepan/.rvm/gems/ruby-1.9.2-p180@ruby192/gems/actionpack-3.0.7/lib/action_dispatch/middleware/templates/rescues/routing_error.erb within rescues/layout (1.2ms)


Started GET "/system/photos/1/original/3.jpg?1307848029" for 127.0.0.1 at 2011-06-12 11:07:18 +0800

ActionController::RoutingError (No route matches "/system/photos/1/original/3.jpg"):
  

Rendered /Users/Littlepan/.rvm/gems/ruby-1.9.2-p180@ruby192/gems/actionpack-3.0.7/lib/action_dispatch/middleware/templates/rescues/routing_error.erb within rescues/layout (4.4ms)


Started GET "/categories/new" for 127.0.0.1 at 2011-06-12 11:07:33 +0800
  Processing by CategoriesController#new as HTML
Rendered categories/_form.html.erb (4.5ms)
Rendered categories/new.html.erb within layouts/categories (7.2ms)
Completed 200 OK in 9ms (Views: 7.9ms | ActiveRecord: 0.0ms)


Started GET "/stylesheets/default.css?1307800575" for 127.0.0.1 at 2011-06-12 11:07:33 +0800

ActionController::RoutingError (No route matches "/stylesheets/default.css"):
  

Rendered /Users/Littlepan/.rvm/gems/ruby-1.9.2-p180@ruby192/gems/actionpack-3.0.7/lib/action_dispatch/middleware/templates/rescues/routing_error.erb within rescues/layout (1.3ms)


Started GET "/categories" for 127.0.0.1 at 2011-06-12 11:07:36 +0800
  Processing by CategoriesController#index as HTML
Rendered categories/index.html.erb within layouts/categories (5.1ms)
Completed 200 OK in 8ms (Views: 5.6ms | ActiveRecord: 0.9ms)


Started GET "/system/photos/1/original/3.jpg?1307848029" for 127.0.0.1 at 2011-06-12 11:07:36 +0800

ActionController::RoutingError (No route matches "/system/photos/1/original/3.jpg"):
  

Rendered /Users/Littlepan/.rvm/gems/ruby-1.9.2-p180@ruby192/gems/actionpack-3.0.7/lib/action_dispatch/middleware/templates/rescues/routing_error.erb within rescues/layout (3.2ms)


Started GET "/stylesheets/default.css?1307800575" for 127.0.0.1 at 2011-06-12 11:07:36 +0800

ActionController::RoutingError (No route matches "/stylesheets/default.css"):
  

Rendered /Users/Littlepan/.rvm/gems/ruby-1.9.2-p180@ruby192/gems/actionpack-3.0.7/lib/action_dispatch/middleware/templates/rescues/routing_error.erb within rescues/layout (1.4ms)


Started GET "/products/" for 127.0.0.1 at 2011-06-12 11:07:45 +0800
  Processing by ProductsController#index as HTML
Rendered products/index.html.erb within layouts/application (4.5ms)
Completed 200 OK in 7ms (Views: 6.0ms | ActiveRecord: 0.3ms)


Started GET "/stylesheets/default.css?1307800575" for 127.0.0.1 at 2011-06-12 11:07:45 +0800

ActionController::RoutingError (No route matches "/stylesheets/default.css"):
  

Rendered /Users/Littlepan/.rvm/gems/ruby-1.9.2-p180@ruby192/gems/actionpack-3.0.7/lib/action_dispatch/middleware/templates/rescues/routing_error.erb within rescues/layout (1.3ms)


Started GET "/products/new" for 127.0.0.1 at 2011-06-12 11:07:52 +0800
  Processing by ProductsController#new as HTML
Rendered products/_form.html.erb (5.9ms)
Rendered products/new.html.erb within layouts/application (8.1ms)
Completed 200 OK in 10ms (Views: 8.5ms | ActiveRecord: 0.3ms)


Started GET "/stylesheets/default.css?1307800575" for 127.0.0.1 at 2011-06-12 11:07:52 +0800

ActionController::RoutingError (No route matches "/stylesheets/default.css"):
  

Rendered /Users/Littlepan/.rvm/gems/ruby-1.9.2-p180@ruby192/gems/actionpack-3.0.7/lib/action_dispatch/middleware/templates/rescues/routing_error.erb within rescues/layout (1.2ms)


Started POST "/products" for 127.0.0.1 at 2011-06-12 11:08:08 +0800
  Processing by ProductsController#create as HTML
  Parameters: {"utf8"=>"✓", "authenticity_token"=>"B+zNVm6Zyfz2diwiUC7c72WzXHFVHiR/YUv9H0ODDTI=", "product"=>{"name"=>"2222222222222222", "photo"=>#<ActionDispatch::Http::UploadedFile:0x00000101e60e40 @original_filename="5.jpg", @content_type="image/jpeg", @headers="Content-Disposition: form-data; name=\"product[photo]\"; filename=\"5.jpg\"\r\nContent-Type: image/jpeg\r\n", @tempfile=#<File:/var/folders/zf/zfwYgTLyEjqOW345+D4Sak+++TI/-Tmp-/RackMultipart20110612-3704-czmdko>>, "content"=>"222222222222222222"}, "category_id"=>"1", "commit"=>"Create Product"}
[paperclip] Saving attachments.
[paperclip] saving /Users/Littlepan/workspace/chinapride/public/system/photos/2/original/5.jpg
[paperclip] Saving attachments.
Redirected to http://localhost:3000/products/2
Completed 302 Found in 192ms


Started GET "/products/2" for 127.0.0.1 at 2011-06-12 11:08:08 +0800
  Processing by ProductsController#show as HTML
  Parameters: {"id"=>"2"}
Rendered products/show.html.erb within layouts/application (5.8ms)
Completed 200 OK in 12ms (Views: 6.5ms | ActiveRecord: 99.1ms)


Started GET "/stylesheets/default.css?1307800575" for 127.0.0.1 at 2011-06-12 11:08:08 +0800

ActionController::RoutingError (No route matches "/stylesheets/default.css"):
  

Rendered /Users/Littlepan/.rvm/gems/ruby-1.9.2-p180@ruby192/gems/actionpack-3.0.7/lib/action_dispatch/middleware/templates/rescues/routing_error.erb within rescues/layout (4.4ms)


Started GET "/system/photos/2/original/5.jpg?1307848088" for 127.0.0.1 at 2011-06-12 11:08:08 +0800

ActionController::RoutingError (No route matches "/system/photos/2/original/5.jpg"):
  

Rendered /Users/Littlepan/.rvm/gems/ruby-1.9.2-p180@ruby192/gems/actionpack-3.0.7/lib/action_dispatch/middleware/templates/rescues/routing_error.erb within rescues/layout (1.3ms)


Started GET "/categories" for 127.0.0.1 at 2011-06-12 11:08:11 +0800
  Processing by CategoriesController#index as HTML
Rendered categories/index.html.erb within layouts/categories (5.3ms)
Completed 200 OK in 8ms (Views: 5.8ms | ActiveRecord: 0.7ms)


Started GET "/stylesheets/default.css?1307800575" for 127.0.0.1 at 2011-06-12 11:08:12 +0800

ActionController::RoutingError (No route matches "/stylesheets/default.css"):
  

Rendered /Users/Littlepan/.rvm/gems/ruby-1.9.2-p180@ruby192/gems/actionpack-3.0.7/lib/action_dispatch/middleware/templates/rescues/routing_error.erb within rescues/layout (10.0ms)


Started GET "/system/photos/1/original/3.jpg?1307848029" for 127.0.0.1 at 2011-06-12 11:08:12 +0800

ActionController::RoutingError (No route matches "/system/photos/1/original/3.jpg"):
  

Rendered /Users/Littlepan/.rvm/gems/ruby-1.9.2-p180@ruby192/gems/actionpack-3.0.7/lib/action_dispatch/middleware/templates/rescues/routing_error.erb within rescues/layout (1.5ms)


Started GET "/system/photos/2/original/5.jpg?1307848088" for 127.0.0.1 at 2011-06-12 11:08:12 +0800

ActionController::RoutingError (No route matches "/system/photos/2/original/5.jpg"):
  

Rendered /Users/Littlepan/.rvm/gems/ruby-1.9.2-p180@ruby192/gems/actionpack-3.0.7/lib/action_dispatch/middleware/templates/rescues/routing_error.erb within rescues/layout (5.0ms)
